<?xml version="1.0" encoding="UTF-8"?>
<testsuite name="Pruebas.OnpBRCalcularLiquidacion TestSuite" tests="1" failures="1" errors="0" time="0.743"><properties>
[...]
</properties><testcase name="19990 - Invalidez" time="0.743"><failure type="Cancelling due to failed test step" message="Cancelling due to failed test step"><![CDATA[<h3><b>Pension Invalidez - Art. 25a Failed</b></h3><pre>[Contains] Missing token [<listaLiquidaciones xmlns="http://onp.gob.pe/reglasnegocio/schema/BRCalcularLiquidacion">
            <listaLiquidaciones xmlns="" xmlns:ns0="http://onp.gob.pe/reglasnegocio/schema">
               <ns0:liquidaciones>
                  <ns0:remuneracionReferencia>
                     <ns0:montoRemuneracionReferencia>
                        <ns0:importe>785.32</ns0:importe>
                        <ns0:tipoMoneda>
                           <ns0:codigo>NS</ns0:codigo>
                        </ns0:tipoMoneda>
                     </ns0:montoRemuneracionReferencia>
                  </ns0:remuneracionReferencia>
                  <ns0:incrementosPorHijos>
                     <ns0:montoTotalIncrementos>
                        <ns0:importe>0.0</ns0:importe>
                     </ns0:montoTotalIncrementos>
                  </ns0:incrementosPorHijos>
                  <ns0:incrementoPorConyuge>
                     <ns0:porcentajeIncremento>0.0</ns0:porcentajeIncremento>
                     <ns0:montoIncremento>
                        <ns0:importe>0.0</ns0:importe>
                     </ns0:montoIncremento>
                  </ns0:incrementoPorConyuge>
                  <ns0:fechaContingencia>2014-09-19</ns0:fechaContingencia>
                  <ns0:fechaInicioPension>2015-07-01</ns0:fechaInicioPension>
                  <ns0:dispositvosLegales>
                     <ns0:dispositivoLegal>
                        <ns0:denominacion>R_19990</ns0:denominacion>
                        <ns0:tipoPension>
                           <ns0:codigo>PENS_INVA</ns0:codigo>
                        </ns0:tipoPension>
                        <ns0:articulo>25</ns0:articulo>
                        <ns0:observacion>
                           <ns0:codigo>CONC_BLEG_ANIO_APOR</ns0:codigo>
                        </ns0:observacion>
                        <ns0:inciso>a</ns0:inciso>
                     </ns0:dispositivoLegal>
                     <ns0:dispositivoLegal>
                        <ns0:denominacion>R_19990</ns0:denominacion>
                        <ns0:tipoPension>
                           <ns0:codigo>PENS_INVA</ns0:codigo>
                        </ns0:tipoPension>
                        <ns0:articulo>76</ns0:articulo>
                        <ns0:observacion>
                           <ns0:codigo>CONC_BLEG_CALC_RR</ns0:codigo>
                        </ns0:observacion>
                        <ns0:indicadorPensionable>true</ns0:indicadorPensionable>
                     </ns0:dispositivoLegal>
                     <ns0:dispositivoLegal>
                        <ns0:denominacion>R_19990</ns0:denominacion>
                        <ns0:tipoPension>
                           <ns0:codigo>PENS_INVA</ns0:codigo>
                        </ns0:tipoPension>
                        <ns0:articulo>27</ns0:articulo>
                        <ns0:observacion>
                           <ns0:codigo>CONC_BLEG_CALC_SUBT</ns0:codigo>
                        </ns0:observacion>
                        <ns0:indicadorPensionable>true</ns0:indicadorPensionable>
                     </ns0:dispositivoLegal>
                     <ns0:dispositivoLegal>
                        <ns0:denominacion>R_19990</ns0:denominacion>
                        <ns0:tipoPension>
                           <ns0:codigo>PENS_INVA</ns0:codigo>
                        </ns0:tipoPension>
                        <ns0:articulo>81</ns0:articulo>
                        <ns0:observacion>
                           <ns0:codigo>CONC_BLEG_DEVN</ns0:codigo>
                        </ns0:observacion>
                        <ns0:indicadorPensionable>true</ns0:indicadorPensionable>
                     </ns0:dispositivoLegal>
                  </ns0:dispositvosLegales>
                  <ns0:totalPension>
                     <ns0:montoTotal>
                        <ns0:importe>502.60</ns0:importe>
                        <ns0:tipoMoneda>
                           <ns0:codigo>NS</ns0:codigo>
                        </ns0:tipoMoneda>
                     </ns0:montoTotal>
                     <ns0:montoFinal>
                        <ns0:importe>502.60</ns0:importe>
                        <ns0:tipoMoneda>
                           <ns0:codigo>NS</ns0:codigo>
                        </ns0:tipoMoneda>
                     </ns0:montoFinal>
                  </ns0:totalPension>
                  <ns0:subTotal>
                     <ns0:monto>
                        <ns0:importe>502.60</ns0:importe>
                        <ns0:tipoMoneda>
                           <ns0:codigo>NS</ns0:codigo>
                        </ns0:tipoMoneda>
                     </ns0:monto>
                     <ns0:porcentajeAniosBase>50.0</ns0:porcentajeAniosBase>
                     <ns0:cantidadAniosBase>3</ns0:cantidadAniosBase>
                     <ns0:porcentajeAniosAdicionales>1.0</ns0:porcentajeAniosAdicionales>
                     <ns0:cantidadAniosAdicionales>14</ns0:cantidadAniosAdicionales>
                  </ns0:subTotal>
                  <ns0:resultadoReajuste/>
                  <ns0:leyPrincipal>
                     <ns0:denominacion>L_25967</ns0:denominacion>
                     <ns0:tipoPension>
                        <ns0:codigo>PENS_INVA</ns0:codigo>
                     </ns0:tipoPension>
                     <ns0:articulo>25</ns0:articulo>
                     <ns0:observacion>
                        <ns0:codigo/>
                     </ns0:observacion>
                     <ns0:indicadorPensionable>true</ns0:indicadorPensionable>
                     <ns0:inciso/>
                  </ns0:leyPrincipal>
                  <ns0:identificadorLiquidacion>1</ns0:identificadorLiquidacion>
                  <ns0:cantidadRemuneracionesCalculo>212</ns0:cantidadRemuneracionesCalculo>
                  <ns0:fechaCeseCalculo>2015-06-30</ns0:fechaCeseCalculo>
                  <ns0:indicadorPensionSolicitada>true</ns0:indicadorPensionSolicitada>
                  <ns0:conceptosPago>
                     <ns0:codigo>0001</ns0:codigo>
                     <ns0:montoConcepto>
                        <ns0:importe>502.60</ns0:importe>
                     </ns0:montoConcepto>
                     <ns0:fecha>2015-07-01</ns0:fecha>
                     <ns0:indicadorConceptoDevengado>false</ns0:indicadorConceptoDevengado>
                  </ns0:conceptosPago>
                  <ns0:conceptosPago>
                     <ns0:codigo>0878</ns0:codigo>
                     <ns0:montoConcepto>
                        <ns0:importe>6952.63</ns0:importe>
                     </ns0:montoConcepto>
                     <ns0:fecha>2016-11-01</ns0:fecha>
                     <ns0:indicadorConceptoDevengado>true</ns0:indicadorConceptoDevengado>
                  </ns0:conceptosPago>
                  <ns0:conceptosPago>
                     <ns0:codigo>0678</ns0:codigo>
                     <ns0:montoConcepto>
                        <ns0:importe>1005.20</ns0:importe>
                     </ns0:montoConcepto>
                     <ns0:fecha>2016-11-01</ns0:fecha>
                     <ns0:indicadorConceptoDevengado>true</ns0:indicadorConceptoDevengado>
                  </ns0:conceptosPago>
                  <ns0:parametrosCalculo>
                     <ns0:codigo>PEN_INI</ns0:codigo>
                     <ns0:parametroMonto>
                        <ns0:importe>502.60</ns0:importe>
                     </ns0:parametroMonto>
                  </ns0:parametrosCalculo>
                  <ns0:parametrosCalculo>
                     <ns0:codigo>IN_RES_PROR_INV_PEM</ns0:codigo>
                     <ns0:parametroIndicador>0</ns0:parametroIndicador>
                  </ns0:parametrosCalculo>
                  <ns0:parametrosCalculo>
                     <ns0:codigo>IND_EXCEDE_TOPE</ns0:codigo>
                     <ns0:parametroIndicador>1</ns0:parametroIndicador>
                  </ns0:parametrosCalculo>
                  <ns0:parametrosCalculo>
                     <ns0:codigo>TOPE_INST</ns0:codigo>
                     <ns0:parametroMonto>
                        <ns0:importe>857.36</ns0:importe>
                     </ns0:parametroMonto>
                  </ns0:parametrosCalculo>
                  <ns0:parametrosCalculo>
                     <ns0:codigo>IND_PERM</ns0:codigo>
                     <ns0:parametroIndicador>1</ns0:parametroIndicador>
                  </ns0:parametrosCalculo>
                  <ns0:parametrosCalculo>
                     <ns0:codigo>DESCRIP</ns0:codigo>
                     <ns0:parametroIndicador>57</ns0:parametroIndicador>
                  </ns0:parametrosCalculo>
                  <ns0:parametrosCalculo>
                     <ns0:codigo>BON_INVAL</ns0:codigo>
                     <ns0:parametroIndicadorLogico>false</ns0:parametroIndicadorLogico>
                  </ns0:parametrosCalculo>
                  <ns0:parametrosCalculo>
                     <ns0:codigo>PEN_PROV</ns0:codigo>
                     <ns0:parametroIndicadorLogico>false</ns0:parametroIndicadorLogico>
                  </ns0:parametrosCalculo>
                  <ns0:parametrosCalculo>
                     <ns0:codigo>BGI_COMP</ns0:codigo>
                     <ns0:parametroIndicadorLogico>false</ns0:parametroIndicadorLogico>
                  </ns0:parametrosCalculo>
                  <ns0:parametrosCalculo>
                     <ns0:codigo>IN_RES_PROR_INV</ns0:codigo>
                     <ns0:parametroIndicador>0</ns0:parametroIndicador>
                  </ns0:parametrosCalculo>
                  <ns0:parametrosCalculo>
                     <ns0:codigo>TI_PERIODO</ns0:codigo>
                     <ns0:parametroIndicador>AN</ns0:parametroIndicador>
                  </ns0:parametrosCalculo>
                  <ns0:parametrosCalculo>
                     <ns0:codigo>IND_27561</ns0:codigo>
                     <ns0:parametroIndicador>N</ns0:parametroIndicador>
                  </ns0:parametrosCalculo>
                  <ns0:parametrosCalculo>
                     <ns0:codigo>TIP_PEN</ns0:codigo>
                     <ns0:parametroIndicador>D</ns0:parametroIndicador>
                  </ns0:parametrosCalculo>
                  <ns0:parametrosCalculo>
                     <ns0:codigo>IN_NETEO</ns0:codigo>
                     <ns0:parametroIndicador>1</ns0:parametroIndicador>
                  </ns0:parametrosCalculo>
                  <ns0:parametrosCalculo>
                     <ns0:codigo>DS092</ns0:codigo>
                     <ns0:parametroIndicadorLogico>true</ns0:parametroIndicadorLogico>
                  </ns0:parametrosCalculo>
                  <ns0:conceptosIntermedios>
                     <ns0:codigo>CONC_BLEG_CALC_RR</ns0:codigo>
                     <ns0:mensaje>Cálculo de la Remuneración de Referencia (RR)</ns0:mensaje>
                     <ns0:montoConceptoIntermedio>
                        <ns0:importe>785.32</ns0:importe>
                     </ns0:montoConceptoIntermedio>
                  </ns0:conceptosIntermedios>
                  <ns0:conceptosIntermedios>
                     <ns0:codigo>CONC_SUBT_BASE</ns0:codigo>
                     <ns0:mensaje>50.0% por los primeros 3 años de aportacion</ns0:mensaje>
                     <ns0:montoConceptoIntermedio>
                        <ns0:importe>392.66</ns0:importe>
                     </ns0:montoConceptoIntermedio>
                  </ns0:conceptosIntermedios>
                  <ns0:conceptosIntermedios>
                     <ns0:codigo>CONC_SUBT_ADIC</ns0:codigo>
                     <ns0:mensaje>1.0% por 14 años de aportacion que exceden los 3 primeros años</ns0:mensaje>
                     <ns0:montoConceptoIntermedio>
                        <ns0:importe>109.94</ns0:importe>
                     </ns0:montoConceptoIntermedio>
                  </ns0:conceptosIntermedios>
                  <ns0:conceptosIntermedios>
                     <ns0:codigo>CONC_BLEG_CALC_SUBT</ns0:codigo>
                     <ns0:mensaje>Subtotal pension mensual</ns0:mensaje>
                     <ns0:montoConceptoIntermedio>
                        <ns0:importe>502.60</ns0:importe>
                     </ns0:montoConceptoIntermedio>
                  </ns0:conceptosIntermedios>
                  <ns0:periodosDevengados>
                     <ns0:periodoDevengados>
                        <ns0:fechaInicioPeriodoDevengado>2015-09-06</ns0:fechaInicioPeriodoDevengado>
                        <ns0:fechaFinPeriodoDevengado>2015-09-30</ns0:fechaFinPeriodoDevengado>
                        <ns0:conceptos>
                           <ns0:codigo>0001</ns0:codigo>
                           <ns0:montoConcepto>
                              <ns0:importe>418.83</ns0:importe>
                           </ns0:montoConcepto>
                           <ns0:indicadorMontoAfecto>true</ns0:indicadorMontoAfecto>
                        </ns0:conceptos>
                        <ns0:montoPeriodo>
                           <ns0:importe>0</ns0:importe>
                           <ns0:tipoMoneda>
                              <ns0:codigo/>
                           </ns0:tipoMoneda>
                        </ns0:montoPeriodo>
                        <ns0:totalCalculadoPeriodo>
                           <ns0:importe>418.83</ns0:importe>
                        </ns0:totalCalculadoPeriodo>
                     </ns0:periodoDevengados>
                     <ns0:periodoDevengados>
                        <ns0:fechaInicioPeriodoDevengado>2015-10-01</ns0:fechaInicioPeriodoDevengado>
                        <ns0:fechaFinPeriodoDevengado>2016-01-31</ns0:fechaFinPeriodoDevengado>
                        <ns0:conceptos>
                           <ns0:codigo>0001</ns0:codigo>
                           <ns0:montoConcepto>
                              <ns0:importe>2010.40</ns0:importe>
                           </ns0:montoConcepto>
                           <ns0:indicadorMontoAfecto>true</ns0:indicadorMontoAfecto>
                        </ns0:conceptos>
                        <ns0:conceptos>
                           <ns0:codigo>0801</ns0:codigo>
                           <ns0:montoConcepto>
                              <ns0:importe>502.60</ns0:importe>
                           </ns0:montoConcepto>
                           <ns0:indicadorMontoAfecto>false</ns0:indicadorMontoAfecto>
                        </ns0:conceptos>
                        <ns0:montoPeriodo>
                           <ns0:importe>0</ns0:importe>
                           <ns0:tipoMoneda>
                              <ns0:codigo/>
                           </ns0:tipoMoneda>
                        </ns0:montoPeriodo>
                        <ns0:totalCalculadoPeriodo>
                           <ns0:importe>2513.00</ns0:importe>
                        </ns0:totalCalculadoPeriodo>
                     </ns0:periodoDevengados>
                     <ns0:periodoDevengados>
                        <ns0:fechaInicioPeriodoDevengado>2016-02-01</ns0:fechaInicioPeriodoDevengado>
                        <ns0:fechaFinPeriodoDevengado>2016-08-31</ns0:fechaFinPeriodoDevengado>
                        <ns0:conceptos>
                           <ns0:codigo>0001</ns0:codigo>
                           <ns0:montoConcepto>
                              <ns0:importe>3518.20</ns0:importe>
                           </ns0:montoConcepto>
                           <ns0:indicadorMontoAfecto>true</ns0:indicadorMontoAfecto>
                        </ns0:conceptos>
                        <ns0:conceptos>
                           <ns0:codigo>0801</ns0:codigo>
                           <ns0:montoConcepto>
                              <ns0:importe>502.60</ns0:importe>
                           </ns0:montoConcepto>
                           <ns0:indicadorMontoAfecto>false</ns0:indicadorMontoAfecto>
                        </ns0:conceptos>
                        <ns0:montoPeriodo>
                           <ns0:importe>0</ns0:importe>
                           <ns0:tipoMoneda>
                              <ns0:codigo/>
                           </ns0:tipoMoneda>
                        </ns0:montoPeriodo>
                        <ns0:totalCalculadoPeriodo>
                           <ns0:importe>4020.80</ns0:importe>
                        </ns0:totalCalculadoPeriodo>
                     </ns0:periodoDevengados>
                     <ns0:periodoDevengados>
                        <ns0:fechaInicioPeriodoDevengado>2016-09-01</ns0:fechaInicioPeriodoDevengado>
                        <ns0:fechaFinPeriodoDevengado>2016-10-31</ns0:fechaFinPeriodoDevengado>
                        <ns0:conceptos>
                           <ns0:codigo>0001</ns0:codigo>
                           <ns0:montoConcepto>
                              <ns0:importe>1005.20</ns0:importe>
                           </ns0:montoConcepto>
                           <ns0:indicadorMontoAfecto>true</ns0:indicadorMontoAfecto>
                        </ns0:conceptos>
                        <ns0:montoPeriodo>
                           <ns0:importe>0</ns0:importe>
                           <ns0:tipoMoneda>
                              <ns0:codigo/>
                           </ns0:tipoMoneda>
                        </ns0:montoPeriodo>
                        <ns0:totalCalculadoPeriodo>
                           <ns0:importe>1005.20</ns0:importe>
                        </ns0:totalCalculadoPeriodo>
                     </ns0:periodoDevengados>
                     <ns0:montoDevengadoTotalCalculado>
                        <ns0:importe>7957.83</ns0:importe>
                        <ns0:tipoMoneda>
                           <ns0:codigo/>
                        </ns0:tipoMoneda>
                     </ns0:montoDevengadoTotalCalculado>
                  </ns0:periodosDevengados>
                  <ns0:tipoPrestacion>
                     <ns0:codigo>PRST_INVA</ns0:codigo>
                  </ns0:tipoPrestacion>
                  <ns0:idPersona>9779178</ns0:idPersona>
                  <ns0:indicadorCalculado>true</ns0:indicadorCalculado>
                  <ns0:datosIntegracion>
                     <ns0:codigo>CODI_OPER_INTE</ns0:codigo>
                     <ns0:detalle>OTPEIN</ns0:detalle>
                  </ns0:datosIntegracion>
               </ns0:liquidaciones>
            </listaLiquidaciones>
         </listaLiquidaciones>] in Response
</pre><hr/>]]></failure></testcase></testsuite>